<?xml version="1.0" encoding="UTF-8"?>
<!-- Generated by org.testng.reporters.JUnitReportReporter -->
<testsuite hostname="AMAR-PC" failures="0" tests="1" name="ui.Practice" time="123.799" errors="0" timestamp="2024-11-13T08:12:38 IST" skipped="0">
  <testcase classname="ui.Practice" name="handleAlert" time="123.799"/>
</testsuite> <!-- ui.Practice -->
