<?xml version="1.0" encoding="UTF-8"?>
<!-- Generated by org.testng.reporters.JUnitReportReporter -->
<testsuite hostname="AMAR-PC" failures="0" tests="1" name="ui.Test" time="27.209" errors="0" timestamp="2024-11-21T18:46:28 IST" skipped="0">
  <testcase classname="ui.Test" name="test" time="27.209"/>
</testsuite> <!-- ui.Test -->
