<?xml version="1.0" encoding="UTF-8"?>
<!-- Generated by org.testng.reporters.JUnitReportReporter -->
<testsuite hostname="AMAR-PC" failures="0" tests="1" name="Test" time="0.024" errors="0" timestamp="2024-10-31T18:28:20 IST" skipped="0">
  <testcase classname="Test" name="test" time="0.024"/>
</testsuite> <!-- Test -->
