<?xml version="1.0" encoding="UTF-8"?>
<!-- Generated by org.testng.reporters.JUnitReportReporter -->
<testsuite hostname="AMAR-PC" failures="0" tests="1" name="ui.Test" time="87.709" errors="0" timestamp="2024-12-06T13:59:24 IST" skipped="0">
  <testcase classname="ui.Test" name="test" time="87.709"/>
</testsuite> <!-- ui.Test -->
