<?xml version="1.0" encoding="UTF-8"?>
<!-- Generated by org.testng.reporters.JUnitReportReporter -->
<testsuite hostname="AMAR-PC" failures="0" tests="1" name="ui.PracticeJava" time="3.696" errors="0" timestamp="2024-12-06T13:55:24 IST" skipped="0">
  <testcase classname="ui.PracticeJava" name="test" time="3.696"/>
</testsuite> <!-- ui.PracticeJava -->
