<?xml version="1.0" encoding="UTF-8"?>
<!-- Generated by org.testng.reporters.JUnitReportReporter -->
<testsuite hostname="AMAR-PC" failures="0" tests="1" name="ui.Test" time="19.149" errors="0" timestamp="2024-11-24T23:13:02 IST" skipped="0">
  <testcase classname="ui.Test" name="test" time="19.149"/>
</testsuite> <!-- ui.Test -->
